<?xml version="1.0" encoding="UTF-8"?>
<testng-results ignored="0" total="2" passed="2" failed="0" skipped="0">
  <reporter-output>
  </reporter-output>
  <suite started-at="2020-09-20T09:29:23Z" name="Default suite" finished-at="2020-09-20T09:30:11Z" duration-ms="47699">
    <groups>
    </groups>
    <test started-at="2020-09-20T09:29:23Z" name="Default test" finished-at="2020-09-20T09:30:11Z" duration-ms="47699">
      <class name="com.CamsOnline.CamsOnlineTradeTest">
        <test-method is-config="true" signature="setUp()[pri:0, instance:com.CamsOnline.CamsOnlineTradeTest@c86b9e3]" started-at="2020-09-20T09:29:23Z" name="setUp" finished-at="2020-09-20T09:29:27Z" duration-ms="3709" status="PASS">
          <reporter-output>
          </reporter-output>
        </test-method> <!-- setUp -->
        <test-method signature="getCamsOnline(java.lang.String, java.lang.String)[pri:0, instance:com.CamsOnline.CamsOnlineTradeTest@c86b9e3]" started-at="2020-09-20T09:29:27Z" name="getCamsOnline" data-provider="customerEntry" finished-at="2020-09-20T09:30:04Z" duration-ms="37005" status="PASS">
          <params>
            <param index="0">
              <value>
                <![CDATA[wrishi.d.fire@gmail.com]]>
              </value>
            </param>
            <param index="1">
              <value>
                <![CDATA[password123]]>
              </value>
            </param>
          </params>
          <reporter-output>
          </reporter-output>
        </test-method> <!-- getCamsOnline -->
        <test-method signature="getCamsOnline(java.lang.String, java.lang.String)[pri:0, instance:com.CamsOnline.CamsOnlineTradeTest@c86b9e3]" started-at="2020-09-20T09:30:04Z" name="getCamsOnline" data-provider="customerEntry" finished-at="2020-09-20T09:30:11Z" duration-ms="6282" status="PASS">
          <params>
            <param index="0">
              <value>
                <![CDATA[wrishi.d.fire@gmail.com]]>
              </value>
            </param>
            <param index="1">
              <value>
                <![CDATA[password234]]>
              </value>
            </param>
          </params>
          <reporter-output>
          </reporter-output>
        </test-method> <!-- getCamsOnline -->
      </class> <!-- com.CamsOnline.CamsOnlineTradeTest -->
    </test> <!-- Default test -->
  </suite> <!-- Default suite -->
</testng-results>
